2022.09.15 13:08:19 INFO  tracing is disabled for protocol LSP, to enable tracing of incoming and outgoing JSON messages create an empty file at /Users/tonezdinny/CS3210/22FCS3210/22FCS3210/hwk_04_lexical/.metals/lsp.trace.json or /Users/tonezdinny/Library/Caches/org.scalameta.metals/lsp.trace.json
2022.09.15 13:08:20 INFO  logging to file /Users/tonezdinny/CS3210/22FCS3210/22FCS3210/hwk_04_lexical/.metals/metals.log
2022.09.15 13:08:20 INFO  Started: Metals version 0.11.8 in workspace '/Users/tonezdinny/CS3210/22FCS3210/22FCS3210/hwk_04_lexical' for client Visual Studio Code 1.71.0.
2022.09.15 13:08:25 WARN  Flyway upgrade recommended: H2 2.1.214 is newer than this version of Flyway and support has not been tested. The latest supported version of H2 is 2.1.210.
2022.09.15 13:08:26 INFO  time: initialize in 6.53s
2022.09.15 13:08:31 WARN  Build server is not auto-connectable.
2022.09.15 13:08:31 WARN  no build tool detected in workspace '/Users/tonezdinny/CS3210/22FCS3210/22FCS3210/hwk_04_lexical'. The most common cause for this problem is that the editor was opened in the wrong working directory, for example if you use sbt then the workspace directory should contain build.sbt. 
2022.09.15 13:08:31 WARN  no build target for: /Users/tonezdinny/CS3210/22FCS3210/22FCS3210/hwk_04_lexical/src/LexicalAnalyzer.scala
2022.09.15 13:08:32 WARN  no build target for: /Users/tonezdinny/CS3210/22FCS3210/22FCS3210/hwk_04_lexical/src/LexicalAnalyzer.scala
Sep 15, 2022 1:08:32 PM org.eclipse.lsp4j.jsonrpc.RemoteEndpoint fallbackResponseError
SEVERE: Internal error: scala.meta.internal.metals.debug.BuildTargetNotFoundForPathException: No build target could be found for the path: /Users/tonezdinny/CS3210/22FCS3210/22FCS3210/hwk_04_lexical/src/LexicalAnalyzer.scala
java.util.concurrent.CompletionException: scala.meta.internal.metals.debug.BuildTargetNotFoundForPathException: No build target could be found for the path: /Users/tonezdinny/CS3210/22FCS3210/22FCS3210/hwk_04_lexical/src/LexicalAnalyzer.scala
	at java.base/java.util.concurrent.CompletableFuture.encodeThrowable(CompletableFuture.java:332)
	at java.base/java.util.concurrent.CompletableFuture.uniAcceptNow(CompletableFuture.java:747)
	at java.base/java.util.concurrent.CompletableFuture.uniAcceptStage(CompletableFuture.java:735)
	at java.base/java.util.concurrent.CompletableFuture.thenAcceptAsync(CompletableFuture.java:2186)
	at scala.concurrent.java8.FuturesConvertersImpl$CF.thenAccept(FutureConvertersImpl.scala:37)
	at org.eclipse.lsp4j.jsonrpc.RemoteEndpoint.handleRequest(RemoteEndpoint.java:279)
	at org.eclipse.lsp4j.jsonrpc.RemoteEndpoint.consume(RemoteEndpoint.java:190)
	at org.eclipse.lsp4j.jsonrpc.json.StreamMessageProducer.handleMessage(StreamMessageProducer.java:194)
	at org.eclipse.lsp4j.jsonrpc.json.StreamMessageProducer.listen(StreamMessageProducer.java:94)
	at org.eclipse.lsp4j.jsonrpc.json.ConcurrentMessageProcessor.run(ConcurrentMessageProcessor.java:113)
	at java.base/java.util.concurrent.Executors$RunnableAdapter.call(Executors.java:539)
	at java.base/java.util.concurrent.FutureTask.run(FutureTask.java:264)
	at java.base/java.util.concurrent.ThreadPoolExecutor.runWorker(ThreadPoolExecutor.java:1136)
	at java.base/java.util.concurrent.ThreadPoolExecutor$Worker.run(ThreadPoolExecutor.java:635)
	at java.base/java.lang.Thread.run(Thread.java:833)
Caused by: scala.meta.internal.metals.debug.BuildTargetNotFoundForPathException: No build target could be found for the path: /Users/tonezdinny/CS3210/22FCS3210/22FCS3210/hwk_04_lexical/src/LexicalAnalyzer.scala
	at scala.meta.internal.metals.debug.DebugProvider.debugDiscovery(DebugProvider.scala:395)
	at scala.meta.internal.metals.MetalsLanguageServer.executeCommand(MetalsLanguageServer.scala:1912)
	at java.base/jdk.internal.reflect.NativeMethodAccessorImpl.invoke0(Native Method)
	at java.base/jdk.internal.reflect.NativeMethodAccessorImpl.invoke(NativeMethodAccessorImpl.java:77)
	at java.base/jdk.internal.reflect.DelegatingMethodAccessorImpl.invoke(DelegatingMethodAccessorImpl.java:43)
	at java.base/java.lang.reflect.Method.invoke(Method.java:568)
	at org.eclipse.lsp4j.jsonrpc.services.GenericEndpoint.lambda$null$0(GenericEndpoint.java:65)
	at org.eclipse.lsp4j.jsonrpc.services.GenericEndpoint.request(GenericEndpoint.java:120)
	at org.eclipse.lsp4j.jsonrpc.RemoteEndpoint.handleRequest(RemoteEndpoint.java:261)
	... 9 more

Sep 15, 2022 1:08:51 PM org.eclipse.lsp4j.jsonrpc.RemoteEndpoint handleCancellation
WARNING: Unmatched cancel notification for request id 8
2022.09.15 13:08:52 INFO  no build target found for /Users/tonezdinny/CS3210/22FCS3210/22FCS3210/hwk_04_lexical/src/LexicalAnalyzer.scala. Using presentation compiler with project's scala-library version: 3.1.3
2022.09.15 13:08:59 INFO  time: code lens generation in 26s
2022.09.15 13:08:59 INFO  time: code lens generation in 8.18s
2022.09.15 13:08:59 INFO  time: code lens generation in 7.3s
2022.09.15 13:09:02 INFO  shutting down Metals
